TN:
SF:src\Components\Card.jsx
FN:10,Card
FN:12,handleCardClick
FNF:2
FNH:2
FNDA:8,Card
FNDA:2,handleCardClick
DA:1,1
DA:2,1
DA:3,1
DA:4,1
DA:5,1
DA:6,1
DA:7,1
DA:8,1
DA:9,1
DA:10,1
DA:11,8
DA:12,8
DA:13,2
DA:14,2
DA:15,8
DA:16,8
DA:17,8
DA:18,8
DA:19,8
DA:20,8
DA:21,8
DA:22,8
DA:23,8
DA:24,8
DA:25,8
DA:26,4
DA:27,4
DA:28,4
DA:29,4
DA:30,8
DA:31,8
DA:32,8
DA:33,8
DA:34,8
DA:35,8
DA:36,8
DA:37,8
DA:38,8
DA:39,8
DA:40,8
DA:41,8
DA:42,8
DA:43,8
DA:44,1
LF:44
LH:44
BRDA:10,0,0,8
BRDA:25,1,0,4
BRDA:34,2,0,4
BRDA:34,3,0,4
BRDA:12,4,0,2
BRF:5
BRH:5
end_of_record
TN:
SF:src\Components\QuestionBar.jsx
FN:6,QuestionBar
FN:20,handleTabClick
FN:24,handleQuestionClick
FN:38,isBubbleActive
FN:63,onClick
FN:97,onClick
FNF:6
FNH:2
FNDA:2,QuestionBar
FNDA:0,handleTabClick
FNDA:0,handleQuestionClick
FNDA:6,isBubbleActive
FNDA:0,onClick
FNDA:0,onClick
DA:1,1
DA:2,1
DA:3,1
DA:4,1
DA:5,1
DA:6,1
DA:7,2
DA:8,2
DA:9,1
DA:10,1
DA:11,1
DA:12,1
DA:13,1
DA:14,1
DA:15,1
DA:16,1
DA:17,1
DA:18,1
DA:19,1
DA:20,1
DA:21,0
DA:22,0
DA:23,1
DA:24,1
DA:25,0
DA:26,0
DA:27,0
DA:28,0
DA:29,0
DA:30,0
DA:31,0
DA:32,0
DA:33,0
DA:34,0
DA:35,0
DA:36,0
DA:37,1
DA:38,1
DA:39,6
DA:40,6
DA:41,1
DA:42,1
DA:43,1
DA:44,2
DA:45,2
DA:46,2
DA:47,2
DA:48,2
DA:49,2
DA:50,2
DA:51,2
DA:52,2
DA:53,2
DA:54,2
DA:55,2
DA:56,2
DA:57,2
DA:58,2
DA:59,2
DA:60,2
DA:61,2
DA:62,2
DA:63,2
DA:64,2
DA:65,2
DA:66,2
DA:67,2
DA:68,2
DA:69,2
DA:70,2
DA:71,2
DA:72,2
DA:73,2
DA:74,2
DA:75,2
DA:76,2
DA:77,2
DA:78,2
DA:79,2
DA:80,2
DA:81,2
DA:82,2
DA:83,2
DA:84,2
DA:85,2
DA:86,2
DA:87,2
DA:88,2
DA:89,2
DA:90,2
DA:91,2
DA:92,2
DA:93,2
DA:94,6
DA:95,6
DA:96,6
DA:97,6
DA:98,6
DA:99,6
DA:100,6
DA:101,6
DA:102,6
DA:103,6
DA:104,6
DA:105,2
DA:106,2
DA:107,2
DA:108,2
DA:109,2
DA:110,2
DA:111,2
DA:112,1
DA:113,1
LF:113
LH:99
BRDA:6,0,0,2
BRDA:8,1,0,1
BRDA:44,2,0,0
BRDA:44,3,0,1
BRDA:44,4,0,0
BRDA:7,5,0,4
BRDA:16,6,0,1
BRDA:38,7,0,6
BRDA:50,8,0,2
BRDA:53,9,0,1
BRDA:53,10,0,1
BRDA:60,11,0,1
BRDA:60,12,0,1
BRDA:79,13,0,2
BRDA:82,14,0,1
BRDA:82,15,0,1
BRDA:93,16,0,6
BRF:17
BRH:15
end_of_record
TN:
SF:src\Components\QuestionBubble.jsx
FN:7,QuestionBubble
FNF:1
FNH:1
FNDA:8,QuestionBubble
DA:1,1
DA:2,1
DA:3,1
DA:4,1
DA:5,1
DA:6,1
DA:7,8
DA:8,8
DA:9,8
DA:10,8
DA:11,8
DA:12,8
DA:13,8
DA:14,8
DA:15,8
DA:16,8
DA:17,8
DA:18,8
DA:19,8
DA:20,8
DA:21,1
DA:22,1
LF:22
LH:22
BRDA:7,0,0,8
BRDA:12,1,0,1
BRDA:12,2,0,7
BRF:3
BRH:3
end_of_record
TN:
SF:src\Components\SearchBar.jsx
FN:4,SearchBar
FN:7,handleSearch
FN:12,handleChange
FNF:3
FNH:3
FNDA:2,SearchBar
FNDA:1,handleSearch
FNDA:1,handleChange
DA:1,1
DA:2,1
DA:3,1
DA:4,1
DA:5,2
DA:6,2
DA:7,2
DA:8,1
DA:9,1
DA:10,1
DA:11,2
DA:12,2
DA:13,1
DA:14,1
DA:15,2
DA:16,2
DA:17,2
DA:18,2
DA:19,2
DA:20,2
DA:21,2
DA:22,2
DA:23,2
DA:24,2
DA:25,2
DA:26,2
DA:27,2
DA:28,2
DA:29,2
DA:30,2
DA:31,2
DA:32,2
DA:33,2
DA:34,2
DA:35,2
DA:36,2
DA:37,2
DA:38,2
DA:39,2
DA:40,2
DA:41,2
DA:42,2
DA:43,2
DA:44,2
DA:45,2
DA:46,2
DA:47,2
DA:48,2
DA:49,2
DA:50,2
DA:51,2
DA:52,2
DA:53,2
DA:54,2
DA:55,2
DA:56,2
DA:57,2
DA:58,2
DA:59,2
DA:60,2
DA:61,2
DA:62,2
DA:63,2
DA:64,2
DA:65,2
DA:66,2
DA:67,2
DA:68,2
DA:69,2
DA:70,1
DA:71,1
LF:71
LH:71
BRDA:4,0,0,2
BRDA:7,1,0,1
BRDA:12,2,0,1
BRF:3
BRH:3
end_of_record
TN:
SF:src\Components\Tab.jsx
FN:5,Tab
FN:8,handleTabClick
FN:30,onClick
FN:45,onClick
FN:60,onClick
FN:75,onClick
FNF:6
FNH:1
FNDA:4,Tab
FNDA:0,handleTabClick
FNDA:0,onClick
FNDA:0,onClick
FNDA:0,onClick
FNDA:0,onClick
DA:1,1
DA:2,1
DA:3,1
DA:4,1
DA:5,1
DA:6,4
DA:7,4
DA:8,4
DA:9,0
DA:10,0
DA:11,4
DA:12,0
DA:13,0
DA:14,4
DA:15,4
DA:16,4
DA:17,4
DA:18,4
DA:19,4
DA:20,4
DA:21,4
DA:22,4
DA:23,4
DA:24,4
DA:25,4
DA:26,4
DA:27,4
DA:28,4
DA:29,4
DA:30,4
DA:31,4
DA:32,4
DA:33,4
DA:34,4
DA:35,4
DA:36,4
DA:37,4
DA:38,4
DA:39,4
DA:40,4
DA:41,4
DA:42,4
DA:43,4
DA:44,4
DA:45,4
DA:46,4
DA:47,4
DA:48,4
DA:49,4
DA:50,4
DA:51,4
DA:52,4
DA:53,4
DA:54,4
DA:55,4
DA:56,4
DA:57,4
DA:58,4
DA:59,4
DA:60,4
DA:61,4
DA:62,4
DA:63,4
DA:64,4
DA:65,4
DA:66,4
DA:67,4
DA:68,4
DA:69,4
DA:70,4
DA:71,4
DA:72,4
DA:73,4
DA:74,4
DA:75,4
DA:76,4
DA:77,4
DA:78,4
DA:79,4
DA:80,4
DA:81,4
DA:82,4
DA:83,4
DA:84,4
DA:85,4
DA:86,4
DA:87,4
DA:88,4
DA:89,4
DA:90,4
DA:91,4
DA:92,4
DA:93,4
DA:94,4
DA:95,4
DA:96,1
DA:97,1
LF:97
LH:93
BRDA:5,0,0,4
BRDA:11,1,0,0
BRDA:27,2,0,0
BRDA:42,3,0,0
BRDA:57,4,0,0
BRDA:72,5,0,0
BRF:6
BRH:1
end_of_record
TN:
SF:src\Components\TabContent.jsx
FN:4,TabContent
FNF:1
FNH:1
FNDA:17,TabContent
DA:1,1
DA:2,1
DA:3,1
DA:4,17
DA:5,17
DA:6,17
DA:7,17
DA:8,17
DA:9,17
DA:10,17
DA:11,17
DA:12,17
DA:13,17
DA:14,17
DA:15,17
DA:16,17
DA:17,3
DA:18,1
DA:19,17
DA:20,17
DA:21,17
DA:22,1
DA:23,1
LF:23
LH:23
BRDA:4,0,0,17
BRDA:8,1,0,5
BRDA:8,2,0,12
BRDA:16,3,0,1
BRDA:16,4,0,3
BRF:5
BRH:5
end_of_record
TN:
SF:src\Views\QuizDetailsView\DetailQuizHeader.jsx
FN:8,DetailQuizHeader
FNF:1
FNH:1
FNDA:2,DetailQuizHeader
DA:1,1
DA:2,1
DA:3,1
DA:4,1
DA:5,1
DA:6,1
DA:7,1
DA:8,1
DA:9,2
DA:10,2
DA:11,2
DA:12,2
DA:13,2
DA:14,0
DA:15,0
DA:16,0
DA:17,0
DA:18,0
DA:19,0
DA:20,0
DA:21,0
DA:22,0
DA:23,0
DA:24,0
DA:25,0
DA:26,0
DA:27,0
DA:28,0
DA:29,0
DA:30,0
DA:31,0
DA:32,0
DA:33,0
DA:34,0
DA:35,0
DA:36,0
DA:37,0
DA:38,0
DA:39,0
DA:40,1
DA:41,1
LF:41
LH:15
BRDA:8,0,0,2
BRDA:13,1,0,0
BRDA:10,2,0,4
BRF:3
BRH:2
end_of_record
TN:
SF:src\Views\QuizView\QuizViewHeader.jsx
FN:9,QuizViewHeader
FNF:1
FNH:1
FNDA:2,QuizViewHeader
DA:1,1
DA:2,1
DA:3,1
DA:4,1
DA:5,1
DA:6,1
DA:7,1
DA:8,1
DA:9,2
DA:10,2
DA:11,2
DA:12,2
DA:13,2
DA:14,2
DA:15,2
DA:16,2
DA:17,1
DA:18,1
DA:19,0
DA:20,0
DA:21,0
DA:22,0
DA:23,0
DA:24,0
DA:25,0
DA:26,0
DA:27,0
DA:28,0
DA:29,0
DA:30,0
DA:31,0
DA:32,0
DA:33,0
DA:34,0
DA:35,0
DA:36,0
DA:37,1
DA:38,1
DA:39,2
DA:40,2
DA:41,2
DA:42,2
DA:43,2
DA:44,2
DA:45,1
DA:46,1
DA:47,1
DA:48,1
DA:49,1
DA:50,1
DA:51,1
DA:52,1
DA:53,1
DA:54,1
DA:55,1
DA:56,1
DA:57,1
DA:58,1
DA:59,1
DA:60,1
DA:61,1
DA:62,1
DA:63,1
DA:64,1
DA:65,1
DA:66,1
DA:67,1
DA:68,1
DA:69,1
DA:70,1
DA:71,1
DA:72,1
LF:72
LH:54
BRDA:9,0,0,2
BRDA:44,1,0,1
BRDA:10,2,0,4
BRDA:14,3,0,2
BRDA:16,4,0,1
BRDA:39,5,0,2
BRDA:47,6,0,1
BRF:7
BRH:7
end_of_record
TN:
SF:src\features\finishedCoursesSlice.js
FN:7,addFinishedCourse
FNF:1
FNH:1
FNDA:1,addFinishedCourse
DA:1,1
DA:2,1
DA:3,1
DA:4,1
DA:5,1
DA:6,1
DA:7,1
DA:8,1
DA:9,1
DA:10,1
DA:11,1
DA:12,1
DA:13,1
DA:14,1
DA:15,1
DA:16,1
LF:16
LH:16
BRDA:7,0,0,1
BRF:1
BRH:1
end_of_record
TN:
SF:src\features\store.js
FNF:0
FNH:0
DA:1,1
DA:2,1
DA:3,1
DA:4,1
DA:5,1
DA:6,1
DA:7,1
DA:8,1
DA:9,1
DA:10,1
DA:11,1
DA:12,1
DA:13,1
DA:14,1
LF:14
LH:14
BRF:0
BRH:0
end_of_record
TN:
SF:src\features\course\courseSlice.js
FN:12,fetchCourseStart
FN:16,fetchCourseSuccess
FN:20,fetchCourseFailure
FNF:3
FNH:3
FNDA:1,fetchCourseStart
FNDA:1,fetchCourseSuccess
FNDA:1,fetchCourseFailure
DA:1,1
DA:2,1
DA:3,1
DA:4,1
DA:5,1
DA:6,1
DA:7,1
DA:8,1
DA:9,1
DA:10,1
DA:11,1
DA:12,1
DA:13,1
DA:14,1
DA:15,1
DA:16,1
DA:17,1
DA:18,1
DA:19,1
DA:20,1
DA:21,1
DA:22,1
DA:23,1
DA:24,1
DA:25,1
DA:26,1
DA:27,1
DA:28,1
DA:29,1
LF:29
LH:29
BRDA:12,0,0,1
BRDA:16,1,0,1
BRDA:20,2,0,1
BRF:3
BRH:3
end_of_record
TN:
SF:src\features\selectedCourse\selectedCourseSlice.js
FN:37,selectCourse
FN:40,clearSelectedCourse
FNF:2
FNH:2
FNDA:2,selectCourse
FNDA:1,clearSelectedCourse
DA:1,1
DA:2,1
DA:3,1
DA:4,1
DA:5,1
DA:6,1
DA:7,1
DA:8,1
DA:9,1
DA:10,1
DA:11,1
DA:12,1
DA:13,1
DA:14,1
DA:15,1
DA:16,1
DA:17,1
DA:18,1
DA:19,1
DA:20,1
DA:21,1
DA:22,1
DA:23,1
DA:24,1
DA:25,1
DA:26,1
DA:27,1
DA:28,1
DA:29,1
DA:30,1
DA:31,1
DA:32,1
DA:33,1
DA:34,1
DA:35,1
DA:36,1
DA:37,1
DA:38,2
DA:39,1
DA:40,1
DA:41,1
DA:42,1
DA:43,1
DA:44,1
DA:45,1
DA:46,1
DA:47,1
DA:48,1
LF:48
LH:48
BRDA:37,0,0,2
BRDA:40,1,0,1
BRF:2
BRH:2
end_of_record
